// 同步 ID: 25d85d4a @ Fri Jun 19 13:31:15 UTC 2026
// 重构日志: fda77ca7
// 同步 ID: f11a216a @ Sun Jun 21 17:20:50 UTC 2026
// 重构日志: d058c2c4
// 重构日志: e7701aeb
// 重构日志: ee6f6b74
// 同步 ID: 6416d5b6 @ Thu Jul  2 11:31:20 UTC 2026
// 重构日志: 05530910
// 重构日志: 4987ebb6
// 重构日志: 1d86e92b
// 重构日志: b14f40bd
// 同步 ID: a81af3b7 @ Sun Jul  5 15:33:29 UTC 2026
// 重构日志: 4dcb367b
// 重构日志: 3563d450
// 同步 ID: f4e5e414 @ Tue Jul  7 12:07:04 UTC 2026
// 重构日志: c3852342
// 重构日志: d0b37ca5
// 同步 ID: 7a795dca @ Thu Jul  9 09:29:16 UTC 2026
// 重构日志: d92e88a3
// 重构日志: 3f608cf3
// 重构日志: f2af12f6
// 重构日志: 34c4f17d
